Build started 12/2/2015 9:55:16 AM.
     1>Project "C:\Users\jacob.dodson\documents\visual studio 2015\Projects\Space Invaders\Space Invaders\Space Invaders.vcxproj" on node 2 (Build target(s)).
     1>ClCompile:
         C:\Program Files (x86)\Microsoft Visual Studio 14.0\VC\bin\CL.exe /c /ZI /nologo /W3 /WX- /sdl /Od /Oy- /D _MBCS /Gm /EHsc /RTC1 /MDd /GS /fp:precise /Zc:wchar_t /Zc:forScope /Zc:inline /Fo"Debug\\" /Fd"Debug\vc140.pdb" /Gd /TP /analyze- /errorReport:prompt Main.cpp
         Main.cpp
     1>c:\users\jacob.dodson\documents\visual studio 2015\projects\space invaders\space invaders\main.cpp(48): warning C4244: 'initializing': conversion from 'double' to 'GLfloat', possible loss of data
       Link:
         C:\Program Files (x86)\Microsoft Visual Studio 14.0\VC\bin\link.exe /ERRORREPORT:PROMPT /OUT:"C:\Users\jacob.dodson\documents\visual studio 2015\Projects\Space Invaders\Debug\Space Invaders.exe" /INCREMENTAL /NOLOGO opengl32.lib glfw3.lib glew32s.lib SOIL.lib kernel32.lib user32.lib gdi32.lib winspool.lib comdlg32.lib advapi32.lib shell32.lib ole32.lib oleaut32.lib uuid.lib odbc32.lib odbccp32.lib /MANIFEST /MANIFESTUAC:"level='asInvoker' uiAccess='false'" /manifest:embed /Debug /PDB:"C:\Users\jacob.dodson\documents\visual studio 2015\Projects\Space Invaders\Debug\Space Invaders.pdb" /TLBID:1 /DYNAMICBASE /NXCOMPAT /IMPLIB:"C:\Users\jacob.dodson\documents\visual studio 2015\Projects\Space Invaders\Debug\Space Invaders.lib" /MACHINE:X86 Debug\Enemy.obj
         "Debug\Game Object.obj"
         Debug\Game.obj
         Debug\Main.obj
         Debug\Player.obj
         "Debug\Resource Manager.obj"
         Debug\Shader.obj
         "Debug\Sprite Renderer.obj"
         Debug\Texture.obj
         SOIL.lib(SOIL.obj) : MSIL .netmodule or module compiled with /GL found; restarting link with /LTCG; add /LTCG to the link command line to improve linker performance
     1>LINK : warning LNK4075: ignoring '/INCREMENTAL' due to '/LTCG' specification
     1>Enemy.obj : warning LNK4075: ignoring '/EDITANDCONTINUE' due to '/OPT:LBR' specification
     1>LINK : warning LNK4098: defaultlib 'LIBCMT' conflicts with use of other libs; use /NODEFAULTLIB:library
     1>LINK : warning LNK4098: defaultlib 'MSVCRT' conflicts with use of other libs; use /NODEFAULTLIB:library
         Generating code
         Finished generating code
     1>Resource Manager.obj : warning LNK4049: locally defined symbol ___glewDeleteProgram imported
     1>Shader.obj : warning LNK4049: locally defined symbol ___glewAttachShader imported
     1>Shader.obj : warning LNK4049: locally defined symbol ___glewCompileShader imported
     1>Shader.obj : warning LNK4049: locally defined symbol ___glewCreateProgram imported
     1>Shader.obj : warning LNK4049: locally defined symbol ___glewCreateShader imported
     1>Shader.obj : warning LNK4049: locally defined symbol ___glewDeleteShader imported
     1>Shader.obj : warning LNK4049: locally defined symbol ___glewGetProgramInfoLog imported
     1>Shader.obj : warning LNK4049: locally defined symbol ___glewGetProgramiv imported
     1>Shader.obj : warning LNK4049: locally defined symbol ___glewGetShaderInfoLog imported
     1>Shader.obj : warning LNK4049: locally defined symbol ___glewGetShaderiv imported
     1>Shader.obj : warning LNK4049: locally defined symbol ___glewGetUniformLocation imported
     1>Shader.obj : warning LNK4049: locally defined symbol ___glewLinkProgram imported
     1>Shader.obj : warning LNK4049: locally defined symbol ___glewShaderSource imported
     1>Shader.obj : warning LNK4049: locally defined symbol ___glewUniform1f imported
     1>Shader.obj : warning LNK4049: locally defined symbol ___glewUniform1i imported
     1>Shader.obj : warning LNK4049: locally defined symbol ___glewUniform2f imported
     1>Shader.obj : warning LNK4049: locally defined symbol ___glewUniform3f imported
     1>Shader.obj : warning LNK4049: locally defined symbol ___glewUniform4f imported
     1>Shader.obj : warning LNK4049: locally defined symbol ___glewUniformMatrix4fv imported
     1>Shader.obj : warning LNK4049: locally defined symbol ___glewUseProgram imported
     1>Sprite Renderer.obj : warning LNK4049: locally defined symbol ___glewActiveTexture imported
     1>Sprite Renderer.obj : warning LNK4049: locally defined symbol ___glewBindBuffer imported
     1>Sprite Renderer.obj : warning LNK4049: locally defined symbol ___glewBufferData imported
     1>Sprite Renderer.obj : warning LNK4049: locally defined symbol ___glewGenBuffers imported
     1>Sprite Renderer.obj : warning LNK4049: locally defined symbol ___glewEnableVertexAttribArray imported
     1>Sprite Renderer.obj : warning LNK4049: locally defined symbol ___glewVertexAttribPointer imported
     1>Sprite Renderer.obj : warning LNK4049: locally defined symbol ___glewBindVertexArray imported
     1>Sprite Renderer.obj : warning LNK4049: locally defined symbol ___glewDeleteVertexArrays imported
     1>Sprite Renderer.obj : warning LNK4049: locally defined symbol ___glewGenVertexArrays imported
     1>glfw3.lib(context.obj) : warning LNK4099: PDB 'glfw.pdb' was not found with 'glfw3.lib(context.obj)' or at 'C:\Users\jacob.dodson\documents\visual studio 2015\Projects\Space Invaders\Debug\glfw.pdb'; linking object as if no debug info
     1>glfw3.lib(init.obj) : warning LNK4099: PDB 'glfw.pdb' was not found with 'glfw3.lib(init.obj)' or at 'C:\Users\jacob.dodson\documents\visual studio 2015\Projects\Space Invaders\Debug\glfw.pdb'; linking object as if no debug info
     1>glfw3.lib(input.obj) : warning LNK4099: PDB 'glfw.pdb' was not found with 'glfw3.lib(input.obj)' or at 'C:\Users\jacob.dodson\documents\visual studio 2015\Projects\Space Invaders\Debug\glfw.pdb'; linking object as if no debug info
     1>glfw3.lib(monitor.obj) : warning LNK4099: PDB 'glfw.pdb' was not found with 'glfw3.lib(monitor.obj)' or at 'C:\Users\jacob.dodson\documents\visual studio 2015\Projects\Space Invaders\Debug\glfw.pdb'; linking object as if no debug info
     1>glfw3.lib(window.obj) : warning LNK4099: PDB 'glfw.pdb' was not found with 'glfw3.lib(window.obj)' or at 'C:\Users\jacob.dodson\documents\visual studio 2015\Projects\Space Invaders\Debug\glfw.pdb'; linking object as if no debug info
     1>glfw3.lib(win32_init.obj) : warning LNK4099: PDB 'glfw.pdb' was not found with 'glfw3.lib(win32_init.obj)' or at 'C:\Users\jacob.dodson\documents\visual studio 2015\Projects\Space Invaders\Debug\glfw.pdb'; linking object as if no debug info
     1>glfw3.lib(win32_monitor.obj) : warning LNK4099: PDB 'glfw.pdb' was not found with 'glfw3.lib(win32_monitor.obj)' or at 'C:\Users\jacob.dodson\documents\visual studio 2015\Projects\Space Invaders\Debug\glfw.pdb'; linking object as if no debug info
     1>glfw3.lib(win32_time.obj) : warning LNK4099: PDB 'glfw.pdb' was not found with 'glfw3.lib(win32_time.obj)' or at 'C:\Users\jacob.dodson\documents\visual studio 2015\Projects\Space Invaders\Debug\glfw.pdb'; linking object as if no debug info
     1>glfw3.lib(win32_tls.obj) : warning LNK4099: PDB 'glfw.pdb' was not found with 'glfw3.lib(win32_tls.obj)' or at 'C:\Users\jacob.dodson\documents\visual studio 2015\Projects\Space Invaders\Debug\glfw.pdb'; linking object as if no debug info
     1>glfw3.lib(win32_window.obj) : warning LNK4099: PDB 'glfw.pdb' was not found with 'glfw3.lib(win32_window.obj)' or at 'C:\Users\jacob.dodson\documents\visual studio 2015\Projects\Space Invaders\Debug\glfw.pdb'; linking object as if no debug info
     1>glfw3.lib(winmm_joystick.obj) : warning LNK4099: PDB 'glfw.pdb' was not found with 'glfw3.lib(winmm_joystick.obj)' or at 'C:\Users\jacob.dodson\documents\visual studio 2015\Projects\Space Invaders\Debug\glfw.pdb'; linking object as if no debug info
     1>glfw3.lib(wgl_context.obj) : warning LNK4099: PDB 'glfw.pdb' was not found with 'glfw3.lib(wgl_context.obj)' or at 'C:\Users\jacob.dodson\documents\visual studio 2015\Projects\Space Invaders\Debug\glfw.pdb'; linking object as if no debug info
     1>glew32s.lib(glew.obj) : warning LNK4099: PDB 'vc120.pdb' was not found with 'glew32s.lib(glew.obj)' or at 'C:\Users\jacob.dodson\documents\visual studio 2015\Projects\Space Invaders\Debug\vc120.pdb'; linking object as if no debug info
         Space Invaders.vcxproj -> C:\Users\jacob.dodson\documents\visual studio 2015\Projects\Space Invaders\Debug\Space Invaders.exe
     1>Done Building Project "C:\Users\jacob.dodson\documents\visual studio 2015\Projects\Space Invaders\Space Invaders\Space Invaders.vcxproj" (Build target(s)).

Build succeeded.

Time Elapsed 00:00:01.42
